{"contracts\\Aavestuff\\AaveExample.sol":{"l":{"31":12,"32":12,"36":1,"37":1,"41":0},"path":"C:\\Users\\Markus\\solidity_projects\\CortexHedge\\contracts\\Aavestuff\\AaveExample.sol","s":{"1":12,"2":12,"3":1,"4":1,"5":0},"b":{},"f":{"1":12,"2":1,"3":0},"fnMap":{"1":{"name":"constructor","line":30,"loc":{"start":{"line":30,"column":4},"end":{"line":33,"column":4}}},"2":{"name":"contractDepositDai","line":35,"loc":{"start":{"line":35,"column":4},"end":{"line":38,"column":4}}},"3":{"name":"userWithdrawDai","line":40,"loc":{"start":{"line":40,"column":4},"end":{"line":42,"column":4}}}},"statementMap":{"1":{"start":{"line":31,"column":8},"end":{"line":31,"column":63}},"2":{"start":{"line":32,"column":8},"end":{"line":32,"column":64}},"3":{"start":{"line":36,"column":8},"end":{"line":36,"column":64}},"4":{"start":{"line":37,"column":8},"end":{"line":37,"column":76}},"5":{"start":{"line":41,"column":8},"end":{"line":41,"column":74}}},"branchMap":{}},"contracts\\Aavestuff\\DaiToAdai.sol":{"l":{"40":12,"41":12,"42":12,"49":0,"54":2,"55":2,"61":2,"63":2,"65":2,"66":2,"71":0,"72":0,"73":0,"74":0,"75":0,"76":0,"77":0,"78":0,"79":0,"82":0,"83":0,"92":0,"100":0,"107":0,"113":0},"path":"C:\\Users\\Markus\\solidity_projects\\CortexHedge\\contracts\\Aavestuff\\DaiToAdai.sol","s":{"1":12,"2":12,"3":12,"4":0,"5":2,"6":2,"7":2,"8":2,"9":2,"10":2,"11":0,"12":0,"13":0,"14":0,"15":0,"16":0,"17":0,"18":0,"19":0,"20":0,"21":0,"22":0,"23":0,"24":0,"25":0},"b":{},"f":{"1":12,"2":0,"3":2,"4":0,"5":0,"6":0,"7":0,"8":0,"9":0},"fnMap":{"1":{"name":"constructor","line":39,"loc":{"start":{"line":39,"column":4},"end":{"line":43,"column":4}}},"2":{"name":"getLending","line":48,"loc":{"start":{"line":48,"column":4},"end":{"line":50,"column":4}}},"3":{"name":"GetLendingPoolAdress","line":51,"loc":{"start":{"line":51,"column":4},"end":{"line":67,"column":4}}},"4":{"name":"deposit_new","line":70,"loc":{"start":{"line":70,"column":4},"end":{"line":80,"column":4}}},"5":{"name":"withdraw_new","line":81,"loc":{"start":{"line":81,"column":4},"end":{"line":84,"column":4}}},"6":{"name":"deposit","line":87,"loc":{"start":{"line":87,"column":4},"end":{"line":93,"column":4}}},"7":{"name":"withdraw","line":95,"loc":{"start":{"line":95,"column":4},"end":{"line":101,"column":4}}},"8":{"name":"addAllowance","line":103,"loc":{"start":{"line":103,"column":4},"end":{"line":108,"column":4}}},"9":{"name":"GetPrincipalAmount","line":110,"loc":{"start":{"line":110,"column":4},"end":{"line":114,"column":4}}}},"statementMap":{"1":{"start":{"line":40,"column":8},"end":{"line":40,"column":77}},"2":{"start":{"line":41,"column":8},"end":{"line":41,"column":63}},"3":{"start":{"line":42,"column":8},"end":{"line":42,"column":64}},"4":{"start":{"line":49,"column":8},"end":{"line":49,"column":35}},"5":{"start":{"line":54,"column":8},"end":{"line":54,"column":50}},"6":{"start":{"line":55,"column":8},"end":{"line":55,"column":1880}},"7":{"start":{"line":61,"column":8},"end":{"line":61,"column":32}},"8":{"start":{"line":63,"column":8},"end":{"line":63,"column":74}},"9":{"start":{"line":65,"column":8},"end":{"line":65,"column":42}},"10":{"start":{"line":66,"column":8},"end":{"line":66,"column":35}},"11":{"start":{"line":71,"column":8},"end":{"line":71,"column":29}},"12":{"start":{"line":72,"column":8},"end":{"line":72,"column":31}},"13":{"start":{"line":73,"column":8},"end":{"line":73,"column":48}},"14":{"start":{"line":74,"column":8},"end":{"line":74,"column":79}},"15":{"start":{"line":75,"column":8},"end":{"line":75,"column":61}},"16":{"start":{"line":76,"column":8},"end":{"line":76,"column":39}},"17":{"start":{"line":77,"column":8},"end":{"line":77,"column":103}},"18":{"start":{"line":78,"column":8},"end":{"line":78,"column":74}},"19":{"start":{"line":79,"column":8},"end":{"line":79,"column":76}},"20":{"start":{"line":82,"column":8},"end":{"line":82,"column":33}},"21":{"start":{"line":83,"column":8},"end":{"line":83,"column":64}},"22":{"start":{"line":92,"column":8},"end":{"line":92,"column":63}},"23":{"start":{"line":100,"column":8},"end":{"line":100,"column":59}},"24":{"start":{"line":107,"column":8},"end":{"line":107,"column":48}},"25":{"start":{"line":113,"column":8},"end":{"line":113,"column":64}}},"branchMap":{}},"contracts\\interfaces\\ILiquidityValueCalculator.sol":{"l":{},"path":"C:\\Users\\Markus\\solidity_projects\\CortexHedge\\contracts\\interfaces\\ILiquidityValueCalculator.sol","s":{},"b":{},"f":{},"fnMap":{},"statementMap":{},"branchMap":{}},"contracts\\investment_strategy\\curve_integration\\curvefi\\ICurveFi_DepositY.sol":{"l":{},"path":"C:\\Users\\Markus\\solidity_projects\\CortexHedge\\contracts\\investment_strategy\\curve_integration\\curvefi\\ICurveFi_DepositY.sol","s":{},"b":{},"f":{},"fnMap":{},"statementMap":{},"branchMap":{}},"contracts\\investment_strategy\\curve_integration\\curvefi\\ICurveFi_Gauge.sol":{"l":{},"path":"C:\\Users\\Markus\\solidity_projects\\CortexHedge\\contracts\\investment_strategy\\curve_integration\\curvefi\\ICurveFi_Gauge.sol","s":{},"b":{},"f":{},"fnMap":{},"statementMap":{},"branchMap":{}},"contracts\\investment_strategy\\curve_integration\\curvefi\\ICurveFi_Minter.sol":{"l":{},"path":"C:\\Users\\Markus\\solidity_projects\\CortexHedge\\contracts\\investment_strategy\\curve_integration\\curvefi\\ICurveFi_Minter.sol","s":{},"b":{},"f":{},"fnMap":{},"statementMap":{},"branchMap":{}},"contracts\\investment_strategy\\curve_integration\\curvefi\\ICurveFi_SwapY.sol":{"l":{},"path":"C:\\Users\\Markus\\solidity_projects\\CortexHedge\\contracts\\investment_strategy\\curve_integration\\curvefi\\ICurveFi_SwapY.sol","s":{},"b":{},"f":{},"fnMap":{},"statementMap":{},"branchMap":{}},"contracts\\investment_strategy\\curve_integration\\curvefi\\IYERC20.sol":{"l":{},"path":"C:\\Users\\Markus\\solidity_projects\\CortexHedge\\contracts\\investment_strategy\\curve_integration\\curvefi\\IYERC20.sol","s":{},"b":{},"f":{},"fnMap":{},"statementMap":{},"branchMap":{}},"contracts\\investment_strategy\\curve_integration\\MoneyToCurve.sol":{"l":{"32":1,"42":1,"44":1,"45":1,"46":1,"47":1,"49":1,"51":1,"52":1,"63":1,"64":1,"65":1,"66":1,"67":1,"68":1,"69":2,"70":2,"71":2,"72":2,"73":2,"74":2,"76":1,"83":2,"85":2,"86":4,"87":4,"91":2,"101":1,"104":1,"105":1,"106":1,"107":2,"110":1,"113":1,"114":1,"117":1,"118":2,"119":2,"120":2,"121":2,"129":2,"136":2,"143":2,"144":2,"145":2,"152":0,"160":1,"161":1,"163":1,"170":1,"172":1,"173":1,"175":1,"177":1,"179":2,"180":2,"183":2,"186":2,"189":2,"197":1,"198":1,"200":1,"201":1,"202":2,"204":1,"211":6,"212":6,"213":3,"215":0,"217":3},"path":"C:\\Users\\Markus\\solidity_projects\\CortexHedge\\contracts\\investment_strategy\\curve_integration\\MoneyToCurve.sol","s":{"1":1,"2":1,"3":1,"4":1,"5":1,"6":1,"7":1,"8":1,"9":1,"10":1,"11":1,"12":1,"13":1,"14":1,"15":1,"16":2,"17":2,"18":2,"19":2,"20":2,"21":2,"22":1,"23":2,"24":2,"25":4,"26":4,"27":2,"28":1,"29":1,"30":1,"31":1,"32":2,"33":1,"34":1,"35":1,"36":1,"37":2,"38":2,"39":2,"40":2,"41":2,"42":2,"43":2,"44":2,"45":2,"46":0,"47":1,"48":1,"49":1,"50":1,"51":1,"52":1,"53":1,"54":1,"55":2,"56":2,"57":2,"58":2,"59":2,"60":1,"61":1,"62":1,"63":1,"64":2,"65":1,"66":6,"67":6,"68":3,"69":3,"70":0,"71":3,"72":3},"b":{"1":[1,0],"2":[1,0],"3":[1,0],"4":[3,3],"5":[0,3],"6":[3,0]},"f":{"1":1,"2":1,"3":1,"4":2,"5":1,"6":2,"7":2,"8":2,"9":0,"10":1,"11":1,"12":1,"13":6},"fnMap":{"1":{"name":"initialize","line":31,"loc":{"start":{"line":31,"column":4},"end":{"line":33,"column":4}}},"2":{"name":"setup","line":41,"loc":{"start":{"line":41,"column":4},"end":{"line":53,"column":4}}},"3":{"name":"curveLPTokenBalanceToStableCoin","line":61,"loc":{"start":{"line":61,"column":4},"end":{"line":77,"column":4}}},"4":{"name":"multiStepDeposit","line":82,"loc":{"start":{"line":82,"column":4},"end":{"line":93,"column":4}}},"5":{"name":"multiStepWithdraw","line":100,"loc":{"start":{"line":100,"column":4},"end":{"line":123,"column":4}}},"6":{"name":"curveLPTokenStaked","line":128,"loc":{"start":{"line":128,"column":4},"end":{"line":130,"column":4}}},"7":{"name":"curveLPTokenUnstaked","line":135,"loc":{"start":{"line":135,"column":4},"end":{"line":137,"column":4}}},"8":{"name":"curveLPTokenBalance","line":142,"loc":{"start":{"line":142,"column":4},"end":{"line":146,"column":4}}},"9":{"name":"crvTokenClaim","line":151,"loc":{"start":{"line":151,"column":4},"end":{"line":153,"column":4}}},"10":{"name":"calculateShares","line":159,"loc":{"start":{"line":159,"column":4},"end":{"line":164,"column":4}}},"11":{"name":"balanceOfAll","line":169,"loc":{"start":{"line":169,"column":4},"end":{"line":191,"column":4}}},"12":{"name":"normalizedBalance","line":196,"loc":{"start":{"line":196,"column":4},"end":{"line":205,"column":4}}},"13":{"name":"normalize","line":210,"loc":{"start":{"line":210,"column":4},"end":{"line":219,"column":4}}}},"statementMap":{"1":{"start":{"line":32,"column":8},"end":{"line":32,"column":39}},"2":{"start":{"line":42,"column":8},"end":{"line":42,"column":84}},"3":{"start":{"line":44,"column":8},"end":{"line":44,"column":41}},"4":{"start":{"line":45,"column":8},"end":{"line":45,"column":64}},"5":{"start":{"line":46,"column":8},"end":{"line":46,"column":39}},"6":{"start":{"line":47,"column":8},"end":{"line":47,"column":67}},"7":{"start":{"line":49,"column":8},"end":{"line":49,"column":120}},"8":{"start":{"line":51,"column":8},"end":{"line":51,"column":42}},"9":{"start":{"line":52,"column":8},"end":{"line":52,"column":69}},"10":{"start":{"line":63,"column":12},"end":{"line":63,"column":47}},"11":{"start":{"line":64,"column":12},"end":{"line":64,"column":64}},"12":{"start":{"line":65,"column":12},"end":{"line":65,"column":55}},"13":{"start":{"line":66,"column":12},"end":{"line":66,"column":68}},"14":{"start":{"line":67,"column":12},"end":{"line":67,"column":67}},"15":{"start":{"line":68,"column":12},"end":{"line":68,"column":3053}},"16":{"start":{"line":69,"column":16},"end":{"line":69,"column":92}},"17":{"start":{"line":70,"column":16},"end":{"line":70,"column":64}},"18":{"start":{"line":71,"column":16},"end":{"line":71,"column":60}},"19":{"start":{"line":72,"column":16},"end":{"line":72,"column":71}},"20":{"start":{"line":73,"column":16},"end":{"line":73,"column":65}},"21":{"start":{"line":74,"column":16},"end":{"line":74,"column":66}},"22":{"start":{"line":76,"column":8},"end":{"line":76,"column":22}},"23":{"start":{"line":83,"column":8},"end":{"line":83,"column":93}},"24":{"start":{"line":85,"column":8},"end":{"line":85,"column":3951}},"25":{"start":{"line":86,"column":12},"end":{"line":86,"column":92}},"26":{"start":{"line":87,"column":12},"end":{"line":87,"column":75}},"27":{"start":{"line":91,"column":8},"end":{"line":91,"column":68}},"28":{"start":{"line":101,"column":8},"end":{"line":101,"column":93}},"29":{"start":{"line":104,"column":8},"end":{"line":104,"column":25}},"30":{"start":{"line":105,"column":8},"end":{"line":105,"column":17}},"31":{"start":{"line":106,"column":8},"end":{"line":106,"column":4859}},"32":{"start":{"line":107,"column":12},"end":{"line":107,"column":76}},"33":{"start":{"line":110,"column":8},"end":{"line":110,"column":59}},"34":{"start":{"line":113,"column":8},"end":{"line":113,"column":75}},"35":{"start":{"line":114,"column":8},"end":{"line":114,"column":94}},"36":{"start":{"line":117,"column":8},"end":{"line":117,"column":5368}},"37":{"start":{"line":118,"column":12},"end":{"line":118,"column":54}},"38":{"start":{"line":119,"column":12},"end":{"line":119,"column":65}},"39":{"start":{"line":120,"column":12},"end":{"line":120,"column":77}},"40":{"start":{"line":121,"column":12},"end":{"line":121,"column":56}},"41":{"start":{"line":129,"column":8},"end":{"line":129,"column":71}},"42":{"start":{"line":136,"column":8},"end":{"line":136,"column":63}},"43":{"start":{"line":143,"column":8},"end":{"line":143,"column":45}},"44":{"start":{"line":144,"column":8},"end":{"line":144,"column":49}},"45":{"start":{"line":145,"column":8},"end":{"line":145,"column":35}},"46":{"start":{"line":152,"column":8},"end":{"line":152,"column":63}},"47":{"start":{"line":160,"column":8},"end":{"line":160,"column":46}},"48":{"start":{"line":161,"column":8},"end":{"line":161,"column":50}},"49":{"start":{"line":163,"column":8},"end":{"line":163,"column":63}},"50":{"start":{"line":170,"column":8},"end":{"line":170,"column":93}},"51":{"start":{"line":172,"column":8},"end":{"line":172,"column":54}},"52":{"start":{"line":173,"column":8},"end":{"line":173,"column":74}},"53":{"start":{"line":175,"column":8},"end":{"line":175,"column":67}},"54":{"start":{"line":177,"column":8},"end":{"line":177,"column":7635}},"55":{"start":{"line":179,"column":12},"end":{"line":179,"column":86}},"56":{"start":{"line":180,"column":12},"end":{"line":180,"column":73}},"57":{"start":{"line":183,"column":12},"end":{"line":183,"column":89}},"58":{"start":{"line":186,"column":12},"end":{"line":186,"column":66}},"59":{"start":{"line":189,"column":12},"end":{"line":189,"column":54}},"60":{"start":{"line":197,"column":8},"end":{"line":197,"column":93}},"61":{"start":{"line":198,"column":8},"end":{"line":198,"column":51}},"62":{"start":{"line":200,"column":8},"end":{"line":200,"column":20}},"63":{"start":{"line":201,"column":8},"end":{"line":201,"column":8669}},"64":{"start":{"line":202,"column":12},"end":{"line":202,"column":66}},"65":{"start":{"line":204,"column":8},"end":{"line":204,"column":19}},"66":{"start":{"line":211,"column":8},"end":{"line":211,"column":55}},"67":{"start":{"line":212,"column":8},"end":{"line":212,"column":9061}},"68":{"start":{"line":213,"column":12},"end":{"line":213,"column":25}},"69":{"start":{"line":214,"column":15},"end":{"line":214,"column":9127}},"70":{"start":{"line":215,"column":12},"end":{"line":215,"column":57}},"71":{"start":{"line":216,"column":15},"end":{"line":216,"column":9224}},"72":{"start":{"line":217,"column":12},"end":{"line":217,"column":59}}},"branchMap":{"1":{"line":42,"type":"if","locations":[{"start":{"line":42,"column":8},"end":{"line":42,"column":8}},{"start":{"line":42,"column":8},"end":{"line":42,"column":8}}]},"2":{"line":49,"type":"if","locations":[{"start":{"line":49,"column":8},"end":{"line":49,"column":8}},{"start":{"line":49,"column":8},"end":{"line":49,"column":8}}]},"3":{"line":175,"type":"if","locations":[{"start":{"line":175,"column":8},"end":{"line":175,"column":8}},{"start":{"line":175,"column":8},"end":{"line":175,"column":8}}]},"4":{"line":212,"type":"if","locations":[{"start":{"line":212,"column":8},"end":{"line":212,"column":8}},{"start":{"line":212,"column":8},"end":{"line":212,"column":8}}]},"5":{"line":214,"type":"if","locations":[{"start":{"line":214,"column":15},"end":{"line":214,"column":15}},{"start":{"line":214,"column":15},"end":{"line":214,"column":15}}]},"6":{"line":216,"type":"if","locations":[{"start":{"line":216,"column":15},"end":{"line":216,"column":15}},{"start":{"line":216,"column":15},"end":{"line":216,"column":15}}]}}},"contracts\\investment_strategy\\curve_integration\\test\\Stub_CurveFi_DepositY.sol":{"l":{"33":1,"34":1,"35":1,"36":2,"37":2,"42":2,"44":2,"45":4,"47":4,"50":4,"51":4,"53":4,"54":4,"56":2,"58":2,"59":2,"63":0,"64":0,"65":0,"69":1,"71":1,"72":2,"73":2,"74":2,"79":1,"80":1,"82":1,"84":1,"85":1,"88":1,"89":1,"92":1,"96":0,"100":0,"104":5,"108":1,"112":1,"116":1,"117":2,"118":2,"120":2,"121":0,"124":2,"126":2,"127":2,"128":2,"129":2},"path":"C:\\Users\\Markus\\solidity_projects\\CortexHedge\\contracts\\investment_strategy\\curve_integration\\test\\Stub_CurveFi_DepositY.sol","s":{"1":1,"2":1,"3":1,"4":2,"5":2,"6":2,"7":2,"8":4,"9":4,"10":4,"11":4,"12":4,"13":4,"14":2,"15":2,"16":2,"17":0,"18":0,"19":0,"20":1,"21":1,"22":2,"23":2,"24":2,"25":1,"26":1,"27":1,"28":1,"29":1,"30":1,"31":1,"32":1,"33":1,"34":0,"35":0,"36":5,"37":1,"38":1,"39":1,"40":2,"41":2,"42":2,"43":2,"44":2,"45":2,"46":2,"47":2},"b":{"1":[0,4],"2":[2,0],"3":[1,0],"4":[0,2],"5":[2,0]},"f":{"1":1,"2":2,"3":0,"4":1,"5":0,"6":0,"7":5,"8":1,"9":1,"10":1},"fnMap":{"1":{"name":"initialize","line":32,"loc":{"start":{"line":32,"column":4},"end":{"line":39,"column":4}}},"2":{"name":"add_liquidity","line":41,"loc":{"start":{"line":41,"column":4},"end":{"line":60,"column":4}}},"3":{"name":"remove_liquidity","line":62,"loc":{"start":{"line":62,"column":4},"end":{"line":66,"column":4}}},"4":{"name":"remove_liquidity_imbalance","line":68,"loc":{"start":{"line":68,"column":4},"end":{"line":93,"column":4}}},"5":{"name":"coins","line":95,"loc":{"start":{"line":95,"column":4},"end":{"line":97,"column":4}}},"6":{"name":"underlying_coins","line":99,"loc":{"start":{"line":99,"column":4},"end":{"line":101,"column":4}}},"7":{"name":"underlying_coins","line":103,"loc":{"start":{"line":103,"column":4},"end":{"line":105,"column":4}}},"8":{"name":"curve","line":107,"loc":{"start":{"line":107,"column":4},"end":{"line":109,"column":4}}},"9":{"name":"token","line":111,"loc":{"start":{"line":111,"column":4},"end":{"line":113,"column":4}}},"10":{"name":"_send_all","line":115,"loc":{"start":{"line":115,"column":4},"end":{"line":131,"column":4}}}},"statementMap":{"1":{"start":{"line":33,"column":8},"end":{"line":33,"column":23}},"2":{"start":{"line":34,"column":8},"end":{"line":34,"column":23}},"3":{"start":{"line":35,"column":8},"end":{"line":35,"column":1382}},"4":{"start":{"line":36,"column":12},"end":{"line":36,"column":33}},"5":{"start":{"line":37,"column":12},"end":{"line":37,"column":49}},"6":{"start":{"line":42,"column":8},"end":{"line":42,"column":66}},"7":{"start":{"line":44,"column":8},"end":{"line":44,"column":1706}},"8":{"start":{"line":45,"column":12},"end":{"line":45,"column":42}},"9":{"start":{"line":47,"column":12},"end":{"line":47,"column":93}},"10":{"start":{"line":50,"column":12},"end":{"line":50,"column":67}},"11":{"start":{"line":51,"column":12},"end":{"line":51,"column":51}},"12":{"start":{"line":53,"column":12},"end":{"line":53,"column":68}},"13":{"start":{"line":54,"column":12},"end":{"line":54,"column":58}},"14":{"start":{"line":56,"column":8},"end":{"line":56,"column":70}},"15":{"start":{"line":58,"column":8},"end":{"line":58,"column":65}},"16":{"start":{"line":59,"column":8},"end":{"line":59,"column":57}},"17":{"start":{"line":63,"column":8},"end":{"line":63,"column":77}},"18":{"start":{"line":64,"column":8},"end":{"line":64,"column":82}},"19":{"start":{"line":65,"column":8},"end":{"line":65,"column":44}},"20":{"start":{"line":69,"column":8},"end":{"line":69,"column":66}},"21":{"start":{"line":71,"column":8},"end":{"line":71,"column":2942}},"22":{"start":{"line":72,"column":12},"end":{"line":72,"column":3007}},"23":{"start":{"line":73,"column":16},"end":{"line":73,"column":73}},"24":{"start":{"line":74,"column":16},"end":{"line":74,"column":59}},"25":{"start":{"line":79,"column":8},"end":{"line":79,"column":65}},"26":{"start":{"line":80,"column":8},"end":{"line":80,"column":64}},"27":{"start":{"line":80,"column":39},"end":{"line":80,"column":63}},"28":{"start":{"line":82,"column":8},"end":{"line":82,"column":77}},"29":{"start":{"line":84,"column":8},"end":{"line":84,"column":48}},"30":{"start":{"line":85,"column":8},"end":{"line":85,"column":83}},"31":{"start":{"line":88,"column":8},"end":{"line":88,"column":57}},"32":{"start":{"line":89,"column":8},"end":{"line":89,"column":58}},"33":{"start":{"line":92,"column":8},"end":{"line":92,"column":56}},"34":{"start":{"line":96,"column":8},"end":{"line":96,"column":34}},"35":{"start":{"line":100,"column":8},"end":{"line":100,"column":39}},"36":{"start":{"line":104,"column":8},"end":{"line":104,"column":27}},"37":{"start":{"line":108,"column":8},"end":{"line":108,"column":22}},"38":{"start":{"line":112,"column":8},"end":{"line":112,"column":22}},"39":{"start":{"line":116,"column":8},"end":{"line":116,"column":4502}},"40":{"start":{"line":117,"column":12},"end":{"line":117,"column":38}},"41":{"start":{"line":118,"column":12},"end":{"line":118,"column":70}},"42":{"start":{"line":120,"column":12},"end":{"line":120,"column":4675}},"43":{"start":{"line":124,"column":12},"end":{"line":124,"column":44}},"44":{"start":{"line":126,"column":12},"end":{"line":126,"column":44}},"45":{"start":{"line":127,"column":12},"end":{"line":127,"column":70}},"46":{"start":{"line":128,"column":12},"end":{"line":128,"column":88}},"47":{"start":{"line":129,"column":12},"end":{"line":129,"column":55}}},"branchMap":{"1":{"line":45,"type":"if","locations":[{"start":{"line":45,"column":12},"end":{"line":45,"column":12}},{"start":{"line":45,"column":12},"end":{"line":45,"column":12}}]},"2":{"line":72,"type":"if","locations":[{"start":{"line":72,"column":12},"end":{"line":72,"column":12}},{"start":{"line":72,"column":12},"end":{"line":72,"column":12}}]},"3":{"line":80,"type":"if","locations":[{"start":{"line":80,"column":8},"end":{"line":80,"column":8}},{"start":{"line":80,"column":8},"end":{"line":80,"column":8}}]},"4":{"line":120,"type":"if","locations":[{"start":{"line":120,"column":12},"end":{"line":120,"column":12}},{"start":{"line":120,"column":12},"end":{"line":120,"column":12}}]},"5":{"line":128,"type":"if","locations":[{"start":{"line":128,"column":12},"end":{"line":128,"column":12}},{"start":{"line":128,"column":12},"end":{"line":128,"column":12}}]}}},"contracts\\investment_strategy\\curve_integration\\test\\Stub_CurveFi_Gauge.sol":{"l":{"56":1,"57":1,"59":1,"60":1,"64":0,"65":0,"66":0,"67":0,"72":0,"74":0,"75":0,"76":0,"78":0,"80":0,"86":0,"88":0,"89":0,"91":0,"93":0,"98":0,"99":0,"104":0,"105":0,"106":0,"109":0,"112":0,"114":0,"115":0,"119":0,"121":0,"122":0,"123":0,"125":0,"126":0,"127":0,"139":0,"141":0,"142":0,"143":0,"147":0,"151":1,"155":1,"159":0},"path":"C:\\Users\\Markus\\solidity_projects\\CortexHedge\\contracts\\investment_strategy\\curve_integration\\test\\Stub_CurveFi_Gauge.sol","s":{"1":1,"2":1,"3":1,"4":1,"5":0,"6":0,"7":0,"8":0,"9":0,"10":0,"11":0,"12":0,"13":0,"14":0,"15":0,"16":0,"17":0,"18":0,"19":0,"20":0,"21":0,"22":0,"23":0,"24":0,"25":0,"26":0,"27":0,"28":0,"29":0,"30":0,"31":0,"32":0,"33":0,"34":0,"35":0,"36":0,"37":0,"38":0,"39":0,"40":0,"41":1,"42":1,"43":0},"b":{"1":[0,0],"2":[0,0],"3":[0,0],"4":[0,0]},"f":{"1":1,"2":0,"3":0,"4":0,"5":0,"6":0,"7":0,"8":0,"9":1,"10":1,"11":0},"fnMap":{"1":{"name":"initialize","line":55,"loc":{"start":{"line":55,"column":4},"end":{"line":61,"column":4}}},"2":{"name":"user_checkpoint","line":63,"loc":{"start":{"line":63,"column":4},"end":{"line":68,"column":4}}},"3":{"name":"deposit","line":71,"loc":{"start":{"line":71,"column":4},"end":{"line":82,"column":4}}},"4":{"name":"withdraw","line":85,"loc":{"start":{"line":85,"column":4},"end":{"line":94,"column":4}}},"5":{"name":"claimable_tokens","line":97,"loc":{"start":{"line":97,"column":4},"end":{"line":100,"column":4}}},"6":{"name":"_checkpoint","line":103,"loc":{"start":{"line":103,"column":4},"end":{"line":128,"column":4}}},"7":{"name":"_update_liquidity_limit","line":138,"loc":{"start":{"line":138,"column":4},"end":{"line":144,"column":4}}},"8":{"name":"minter","line":146,"loc":{"start":{"line":146,"column":4},"end":{"line":148,"column":4}}},"9":{"name":"crv_token","line":150,"loc":{"start":{"line":150,"column":4},"end":{"line":152,"column":4}}},"10":{"name":"lp_token","line":154,"loc":{"start":{"line":154,"column":4},"end":{"line":156,"column":4}}},"11":{"name":"integrate_fraction","line":158,"loc":{"start":{"line":158,"column":4},"end":{"line":160,"column":4}}}},"statementMap":{"1":{"start":{"line":56,"column":8},"end":{"line":56,"column":25}},"2":{"start":{"line":57,"column":8},"end":{"line":57,"column":27}},"3":{"start":{"line":59,"column":8},"end":{"line":59,"column":53}},"4":{"start":{"line":60,"column":8},"end":{"line":60,"column":41}},"5":{"start":{"line":64,"column":8},"end":{"line":64,"column":83}},"6":{"start":{"line":65,"column":8},"end":{"line":65,"column":24}},"7":{"start":{"line":66,"column":8},"end":{"line":66,"column":66}},"8":{"start":{"line":67,"column":8},"end":{"line":67,"column":19}},"9":{"start":{"line":72,"column":8},"end":{"line":72,"column":32}},"10":{"start":{"line":74,"column":8},"end":{"line":74,"column":2454}},"11":{"start":{"line":75,"column":12},"end":{"line":75,"column":72}},"12":{"start":{"line":76,"column":12},"end":{"line":76,"column":48}},"13":{"start":{"line":78,"column":12},"end":{"line":78,"column":86}},"14":{"start":{"line":80,"column":12},"end":{"line":80,"column":79}},"15":{"start":{"line":86,"column":8},"end":{"line":86,"column":32}},"16":{"start":{"line":88,"column":8},"end":{"line":88,"column":68}},"17":{"start":{"line":89,"column":8},"end":{"line":89,"column":44}},"18":{"start":{"line":91,"column":8},"end":{"line":91,"column":82}},"19":{"start":{"line":93,"column":8},"end":{"line":93,"column":56}},"20":{"start":{"line":98,"column":8},"end":{"line":98,"column":24}},"21":{"start":{"line":99,"column":8},"end":{"line":99,"column":97}},"22":{"start":{"line":104,"column":8},"end":{"line":104,"column":68}},"23":{"start":{"line":105,"column":8},"end":{"line":105,"column":57}},"24":{"start":{"line":106,"column":8},"end":{"line":106,"column":48}},"25":{"start":{"line":109,"column":8},"end":{"line":109,"column":3774}},"26":{"start":{"line":112,"column":12},"end":{"line":112,"column":59}},"27":{"start":{"line":114,"column":12},"end":{"line":114,"column":4086}},"28":{"start":{"line":115,"column":16},"end":{"line":115,"column":75}},"29":{"start":{"line":119,"column":8},"end":{"line":119,"column":33}},"30":{"start":{"line":121,"column":8},"end":{"line":121,"column":18}},"31":{"start":{"line":122,"column":8},"end":{"line":122,"column":41}},"32":{"start":{"line":123,"column":8},"end":{"line":123,"column":59}},"33":{"start":{"line":125,"column":8},"end":{"line":125,"column":122}},"34":{"start":{"line":126,"column":8},"end":{"line":126,"column":60}},"35":{"start":{"line":127,"column":8},"end":{"line":127,"column":54}},"36":{"start":{"line":139,"column":8},"end":{"line":139,"column":52}},"37":{"start":{"line":141,"column":8},"end":{"line":141,"column":48}},"38":{"start":{"line":142,"column":8},"end":{"line":142,"column":35}},"39":{"start":{"line":143,"column":8},"end":{"line":143,"column":54}},"40":{"start":{"line":147,"column":8},"end":{"line":147,"column":23}},"41":{"start":{"line":151,"column":8},"end":{"line":151,"column":26}},"42":{"start":{"line":155,"column":8},"end":{"line":155,"column":25}},"43":{"start":{"line":159,"column":8},"end":{"line":159,"column":41}}},"branchMap":{"1":{"line":64,"type":"if","locations":[{"start":{"line":64,"column":8},"end":{"line":64,"column":8}},{"start":{"line":64,"column":8},"end":{"line":64,"column":8}}]},"2":{"line":74,"type":"if","locations":[{"start":{"line":74,"column":8},"end":{"line":74,"column":8}},{"start":{"line":74,"column":8},"end":{"line":74,"column":8}}]},"3":{"line":109,"type":"if","locations":[{"start":{"line":109,"column":8},"end":{"line":109,"column":8}},{"start":{"line":109,"column":8},"end":{"line":109,"column":8}}]},"4":{"line":114,"type":"if","locations":[{"start":{"line":114,"column":12},"end":{"line":114,"column":12}},{"start":{"line":114,"column":12},"end":{"line":114,"column":12}}]}}},"contracts\\investment_strategy\\curve_integration\\test\\Stub_CurveFi_LPTokenY.sol":{"l":{"17":1,"18":1},"path":"C:\\Users\\Markus\\solidity_projects\\CortexHedge\\contracts\\investment_strategy\\curve_integration\\test\\Stub_CurveFi_LPTokenY.sol","s":{"1":1,"2":1},"b":{},"f":{"1":1},"fnMap":{"1":{"name":"initialize","line":16,"loc":{"start":{"line":16,"column":4},"end":{"line":19,"column":4}}}},"statementMap":{"1":{"start":{"line":17,"column":8},"end":{"line":17,"column":45}},"2":{"start":{"line":18,"column":8},"end":{"line":18,"column":74}}},"branchMap":{}},"contracts\\investment_strategy\\curve_integration\\test\\Stub_CurveFi_Minter.sol":{"l":{"25":1,"29":0,"33":0,"34":0,"38":0,"42":1,"46":0,"50":0,"51":0,"52":0,"54":0,"55":0,"56":0},"path":"C:\\Users\\Markus\\solidity_projects\\CortexHedge\\contracts\\investment_strategy\\curve_integration\\test\\Stub_CurveFi_Minter.sol","s":{"1":1,"2":0,"3":0,"4":0,"5":0,"6":1,"7":0,"8":0,"9":0,"10":0,"11":0,"12":0,"13":0},"b":{"1":[0,0],"2":[0,0]},"f":{"1":1,"2":0,"3":0,"4":0,"5":1,"6":0,"7":0},"fnMap":{"1":{"name":"initialize","line":24,"loc":{"start":{"line":24,"column":4},"end":{"line":26,"column":4}}},"2":{"name":"mint","line":28,"loc":{"start":{"line":28,"column":4},"end":{"line":30,"column":4}}},"3":{"name":"mint_for","line":32,"loc":{"start":{"line":32,"column":4},"end":{"line":35,"column":4}}},"4":{"name":"toggle_approve_mint","line":37,"loc":{"start":{"line":37,"column":4},"end":{"line":39,"column":4}}},"5":{"name":"token","line":41,"loc":{"start":{"line":41,"column":4},"end":{"line":43,"column":4}}},"6":{"name":"minted","line":45,"loc":{"start":{"line":45,"column":4},"end":{"line":47,"column":4}}},"7":{"name":"_mint_for","line":49,"loc":{"start":{"line":49,"column":4},"end":{"line":58,"column":4}}}},"statementMap":{"1":{"start":{"line":25,"column":8},"end":{"line":25,"column":23}},"2":{"start":{"line":29,"column":8},"end":{"line":29,"column":40}},"3":{"start":{"line":33,"column":8},"end":{"line":33,"column":1156}},"4":{"start":{"line":34,"column":12},"end":{"line":34,"column":38}},"5":{"start":{"line":38,"column":8},"end":{"line":38,"column":101}},"6":{"start":{"line":42,"column":8},"end":{"line":42,"column":22}},"7":{"start":{"line":46,"column":8},"end":{"line":46,"column":41}},"8":{"start":{"line":50,"column":8},"end":{"line":50,"column":55}},"9":{"start":{"line":51,"column":8},"end":{"line":51,"column":80}},"10":{"start":{"line":52,"column":8},"end":{"line":52,"column":65}},"11":{"start":{"line":54,"column":8},"end":{"line":54,"column":1914}},"12":{"start":{"line":55,"column":12},"end":{"line":55,"column":53}},"13":{"start":{"line":56,"column":12},"end":{"line":56,"column":50}}},"branchMap":{"1":{"line":33,"type":"if","locations":[{"start":{"line":33,"column":8},"end":{"line":33,"column":8}},{"start":{"line":33,"column":8},"end":{"line":33,"column":8}}]},"2":{"line":54,"type":"if","locations":[{"start":{"line":54,"column":8},"end":{"line":54,"column":8}},{"start":{"line":54,"column":8},"end":{"line":54,"column":8}}]}}},"contracts\\investment_strategy\\curve_integration\\test\\Stub_CurveFi_SwapY.sol":{"l":{"33":1,"34":2,"35":2,"37":1,"38":1,"42":2,"44":2,"47":2,"48":4,"51":2,"55":0,"56":0,"58":0,"59":0,"60":0,"61":0,"62":0,"64":0,"68":1,"69":1,"71":1,"73":1,"74":2,"77":1,"78":1,"83":2,"84":2,"85":1,"88":1,"89":1,"90":2,"91":2,"95":1,"97":2,"104":0,"105":0,"106":0,"107":0,"108":0,"109":0,"111":0,"112":0,"122":0,"126":2,"127":2,"128":2,"130":2,"131":4,"137":2,"138":2,"139":4,"140":2,"142":2,"143":4,"149":2,"150":2,"151":4,"152":4,"153":4,"154":2,"156":2,"157":4,"159":4,"165":2,"166":4,"175":2,"182":6,"183":6,"184":3,"186":0,"188":3,"193":2,"197":0,"198":0,"202":0,"206":2},"path":"C:\\Users\\Markus\\solidity_projects\\CortexHedge\\contracts\\investment_strategy\\curve_integration\\test\\Stub_CurveFi_SwapY.sol","s":{"1":1,"2":2,"3":2,"4":1,"5":1,"6":2,"7":2,"8":2,"9":4,"10":2,"11":0,"12":0,"13":0,"14":0,"15":0,"16":0,"17":0,"18":0,"19":1,"20":1,"21":1,"22":1,"23":2,"24":1,"25":1,"26":2,"27":2,"28":1,"29":1,"30":1,"31":2,"32":2,"33":1,"34":2,"35":0,"36":0,"37":0,"38":0,"39":0,"40":0,"41":0,"42":0,"43":0,"44":2,"45":2,"46":2,"47":2,"48":4,"49":2,"50":2,"51":4,"52":2,"53":2,"54":4,"55":2,"56":2,"57":4,"58":4,"59":4,"60":2,"61":2,"62":4,"63":4,"64":2,"65":4,"66":2,"67":6,"68":6,"69":3,"70":3,"71":0,"72":3,"73":3,"74":2,"75":0,"76":0,"77":2},"b":{"1":[2,0],"2":[0,0],"3":[1,0],"4":[1,0],"5":[1,1],"6":[0,0],"7":[2,2],"8":[2,2],"9":[3,3],"10":[0,3],"11":[3,0]},"f":{"1":1,"2":2,"3":0,"4":1,"5":2,"6":0,"7":2,"8":6,"9":2,"10":0,"11":0,"12":2},"fnMap":{"1":{"name":"initialize","line":32,"loc":{"start":{"line":32,"column":4},"end":{"line":39,"column":4}}},"2":{"name":"add_liquidity","line":41,"loc":{"start":{"line":41,"column":4},"end":{"line":52,"column":4}}},"3":{"name":"remove_liquidity","line":54,"loc":{"start":{"line":54,"column":4},"end":{"line":65,"column":4}}},"4":{"name":"remove_liquidity_imbalance","line":67,"loc":{"start":{"line":67,"column":4},"end":{"line":79,"column":4}}},"5":{"name":"calculateMintAmount","line":81,"loc":{"start":{"line":81,"column":4},"end":{"line":98,"column":4}}},"6":{"name":"calc_token_amount","line":100,"loc":{"start":{"line":100,"column":4},"end":{"line":123,"column":4}}},"7":{"name":"change_token_amount_with_fees","line":125,"loc":{"start":{"line":125,"column":4},"end":{"line":176,"column":4}}},"8":{"name":"normalize","line":181,"loc":{"start":{"line":181,"column":4},"end":{"line":190,"column":4}}},"9":{"name":"balances","line":192,"loc":{"start":{"line":192,"column":4},"end":{"line":194,"column":4}}},"10":{"name":"A","line":196,"loc":{"start":{"line":196,"column":4},"end":{"line":199,"column":4}}},"11":{"name":"fee","line":201,"loc":{"start":{"line":201,"column":4},"end":{"line":203,"column":4}}},"12":{"name":"coins","line":205,"loc":{"start":{"line":205,"column":4},"end":{"line":207,"column":4}}}},"statementMap":{"1":{"start":{"line":33,"column":8},"end":{"line":33,"column":1493}},"2":{"start":{"line":34,"column":12},"end":{"line":34,"column":33}},"3":{"start":{"line":35,"column":12},"end":{"line":35,"column":55}},"4":{"start":{"line":37,"column":8},"end":{"line":37,"column":28}},"5":{"start":{"line":38,"column":8},"end":{"line":38,"column":19}},"6":{"start":{"line":42,"column":8},"end":{"line":42,"column":58}},"7":{"start":{"line":44,"column":8},"end":{"line":44,"column":72}},"8":{"start":{"line":47,"column":8},"end":{"line":47,"column":1996}},"9":{"start":{"line":48,"column":12},"end":{"line":48,"column":82}},"10":{"start":{"line":51,"column":8},"end":{"line":51,"column":61}},"11":{"start":{"line":55,"column":8},"end":{"line":55,"column":60}},"12":{"start":{"line":56,"column":8},"end":{"line":56,"column":64}},"13":{"start":{"line":58,"column":8},"end":{"line":58,"column":2445}},"14":{"start":{"line":59,"column":12},"end":{"line":59,"column":47}},"15":{"start":{"line":60,"column":12},"end":{"line":60,"column":60}},"16":{"start":{"line":61,"column":12},"end":{"line":61,"column":78}},"17":{"start":{"line":62,"column":12},"end":{"line":62,"column":65}},"18":{"start":{"line":64,"column":8},"end":{"line":64,"column":61}},"19":{"start":{"line":68,"column":8},"end":{"line":68,"column":60}},"20":{"start":{"line":69,"column":8},"end":{"line":69,"column":55}},"21":{"start":{"line":71,"column":8},"end":{"line":71,"column":76}},"22":{"start":{"line":73,"column":8},"end":{"line":73,"column":3161}},"23":{"start":{"line":74,"column":12},"end":{"line":74,"column":65}},"24":{"start":{"line":77,"column":8},"end":{"line":77,"column":97}},"25":{"start":{"line":78,"column":8},"end":{"line":78,"column":66}},"26":{"start":{"line":83,"column":8},"end":{"line":83,"column":27}},"27":{"start":{"line":84,"column":8},"end":{"line":84,"column":3596}},"28":{"start":{"line":85,"column":12},"end":{"line":85,"column":69}},"29":{"start":{"line":88,"column":12},"end":{"line":88,"column":25}},"30":{"start":{"line":89,"column":12},"end":{"line":89,"column":3782}},"31":{"start":{"line":90,"column":16},"end":{"line":90,"column":42}},"32":{"start":{"line":91,"column":16},"end":{"line":91,"column":57}},"33":{"start":{"line":95,"column":12},"end":{"line":95,"column":30}},"34":{"start":{"line":97,"column":8},"end":{"line":97,"column":26}},"35":{"start":{"line":104,"column":8},"end":{"line":104,"column":41}},"36":{"start":{"line":105,"column":8},"end":{"line":105,"column":21}},"37":{"start":{"line":106,"column":8},"end":{"line":106,"column":4417}},"38":{"start":{"line":107,"column":12},"end":{"line":107,"column":39}},"39":{"start":{"line":108,"column":12},"end":{"line":108,"column":4547}},"40":{"start":{"line":109,"column":16},"end":{"line":109,"column":41}},"41":{"start":{"line":111,"column":16},"end":{"line":111,"column":41}},"42":{"start":{"line":112,"column":12},"end":{"line":112,"column":53}},"43":{"start":{"line":122,"column":9},"end":{"line":122,"column":21}},"44":{"start":{"line":126,"column":8},"end":{"line":126,"column":17}},"45":{"start":{"line":127,"column":8},"end":{"line":127,"column":44}},"46":{"start":{"line":128,"column":8},"end":{"line":128,"column":44}},"47":{"start":{"line":130,"column":8},"end":{"line":130,"column":5262}},"48":{"start":{"line":131,"column":12},"end":{"line":131,"column":42}},"49":{"start":{"line":137,"column":8},"end":{"line":137,"column":21}},"50":{"start":{"line":138,"column":8},"end":{"line":138,"column":5476}},"51":{"start":{"line":139,"column":12},"end":{"line":139,"column":5578}},"52":{"start":{"line":140,"column":16},"end":{"line":140,"column":64}},"53":{"start":{"line":142,"column":16},"end":{"line":142,"column":64}},"54":{"start":{"line":143,"column":12},"end":{"line":143,"column":53}},"55":{"start":{"line":149,"column":8},"end":{"line":149,"column":60}},"56":{"start":{"line":150,"column":8},"end":{"line":150,"column":5915}},"57":{"start":{"line":151,"column":12},"end":{"line":151,"column":72}},"58":{"start":{"line":152,"column":12},"end":{"line":152,"column":30}},"59":{"start":{"line":153,"column":12},"end":{"line":153,"column":6148}},"60":{"start":{"line":154,"column":16},"end":{"line":154,"column":59}},"61":{"start":{"line":156,"column":16},"end":{"line":156,"column":59}},"62":{"start":{"line":157,"column":12},"end":{"line":157,"column":56}},"63":{"start":{"line":159,"column":12},"end":{"line":159,"column":53}},"64":{"start":{"line":165,"column":8},"end":{"line":165,"column":6506}},"65":{"start":{"line":166,"column":12},"end":{"line":166,"column":42}},"66":{"start":{"line":175,"column":8},"end":{"line":175,"column":20}},"67":{"start":{"line":182,"column":8},"end":{"line":182,"column":55}},"68":{"start":{"line":183,"column":8},"end":{"line":183,"column":7122}},"69":{"start":{"line":184,"column":12},"end":{"line":184,"column":25}},"70":{"start":{"line":185,"column":15},"end":{"line":185,"column":7188}},"71":{"start":{"line":186,"column":12},"end":{"line":186,"column":57}},"72":{"start":{"line":187,"column":15},"end":{"line":187,"column":7285}},"73":{"start":{"line":188,"column":12},"end":{"line":188,"column":59}},"74":{"start":{"line":193,"column":8},"end":{"line":193,"column":37}},"75":{"start":{"line":198,"column":8},"end":{"line":198,"column":16}},"76":{"start":{"line":202,"column":8},"end":{"line":202,"column":20}},"77":{"start":{"line":206,"column":8},"end":{"line":206,"column":34}}},"branchMap":{"1":{"line":44,"type":"if","locations":[{"start":{"line":44,"column":8},"end":{"line":44,"column":8}},{"start":{"line":44,"column":8},"end":{"line":44,"column":8}}]},"2":{"line":61,"type":"if","locations":[{"start":{"line":61,"column":12},"end":{"line":61,"column":12}},{"start":{"line":61,"column":12},"end":{"line":61,"column":12}}]},"3":{"line":69,"type":"if","locations":[{"start":{"line":69,"column":8},"end":{"line":69,"column":8}},{"start":{"line":69,"column":8},"end":{"line":69,"column":8}}]},"4":{"line":77,"type":"if","locations":[{"start":{"line":77,"column":8},"end":{"line":77,"column":8}},{"start":{"line":77,"column":8},"end":{"line":77,"column":8}}]},"5":{"line":84,"type":"if","locations":[{"start":{"line":84,"column":8},"end":{"line":84,"column":8}},{"start":{"line":84,"column":8},"end":{"line":84,"column":8}}]},"6":{"line":108,"type":"if","locations":[{"start":{"line":108,"column":12},"end":{"line":108,"column":12}},{"start":{"line":108,"column":12},"end":{"line":108,"column":12}}]},"7":{"line":139,"type":"if","locations":[{"start":{"line":139,"column":12},"end":{"line":139,"column":12}},{"start":{"line":139,"column":12},"end":{"line":139,"column":12}}]},"8":{"line":153,"type":"if","locations":[{"start":{"line":153,"column":12},"end":{"line":153,"column":12}},{"start":{"line":153,"column":12},"end":{"line":153,"column":12}}]},"9":{"line":183,"type":"if","locations":[{"start":{"line":183,"column":8},"end":{"line":183,"column":8}},{"start":{"line":183,"column":8},"end":{"line":183,"column":8}}]},"10":{"line":185,"type":"if","locations":[{"start":{"line":185,"column":15},"end":{"line":185,"column":15}},{"start":{"line":185,"column":15},"end":{"line":185,"column":15}}]},"11":{"line":187,"type":"if","locations":[{"start":{"line":187,"column":15},"end":{"line":187,"column":15}},{"start":{"line":187,"column":15},"end":{"line":187,"column":15}}]}}},"contracts\\investment_strategy\\curve_integration\\test\\Stub_ERC20.sol":{"l":{"9":3,"10":3,"11":3},"path":"C:\\Users\\Markus\\solidity_projects\\CortexHedge\\contracts\\investment_strategy\\curve_integration\\test\\Stub_ERC20.sol","s":{"1":3,"2":3,"3":3},"b":{},"f":{"1":3},"fnMap":{"1":{"name":"initialize","line":8,"loc":{"start":{"line":8,"column":4},"end":{"line":12,"column":4}}}},"statementMap":{"1":{"start":{"line":9,"column":8},"end":{"line":9,"column":58}},"2":{"start":{"line":10,"column":8},"end":{"line":10,"column":45}},"3":{"start":{"line":11,"column":8},"end":{"line":11,"column":35}}},"branchMap":{}},"contracts\\investment_strategy\\curve_integration\\test\\Stub_YERC20.sol":{"l":{"26":2,"27":2,"28":2,"33":0,"37":4,"38":4,"39":4,"41":4,"45":2,"46":2,"47":2,"49":2,"53":4,"57":2,"58":2,"59":0,"61":2,"66":10,"67":10},"path":"C:\\Users\\Markus\\solidity_projects\\CortexHedge\\contracts\\investment_strategy\\curve_integration\\test\\Stub_YERC20.sol","s":{"1":2,"2":2,"3":2,"4":0,"5":4,"6":4,"7":4,"8":4,"9":2,"10":2,"11":2,"12":2,"13":4,"14":2,"15":2,"16":0,"17":2,"18":10,"19":10},"b":{"1":[0,2]},"f":{"1":2,"2":0,"3":4,"4":2,"5":4,"6":2,"7":10},"fnMap":{"1":{"name":"initialize","line":25,"loc":{"start":{"line":25,"column":4},"end":{"line":29,"column":4}}},"2":{"name":"token","line":32,"loc":{"start":{"line":32,"column":4},"end":{"line":34,"column":4}}},"3":{"name":"deposit","line":36,"loc":{"start":{"line":36,"column":4},"end":{"line":42,"column":4}}},"4":{"name":"withdraw","line":44,"loc":{"start":{"line":44,"column":4},"end":{"line":50,"column":4}}},"5":{"name":"getPricePerFullShare","line":52,"loc":{"start":{"line":52,"column":4},"end":{"line":54,"column":4}}},"6":{"name":"_sendUnderlying","line":56,"loc":{"start":{"line":56,"column":4},"end":{"line":62,"column":4}}},"7":{"name":"_exchangeRate","line":65,"loc":{"start":{"line":65,"column":4},"end":{"line":68,"column":4}}}},"statementMap":{"1":{"start":{"line":26,"column":8},"end":{"line":26,"column":58}},"2":{"start":{"line":27,"column":8},"end":{"line":27,"column":46}},"3":{"start":{"line":28,"column":8},"end":{"line":28,"column":22}},"4":{"start":{"line":33,"column":8},"end":{"line":33,"column":34}},"5":{"start":{"line":37,"column":8},"end":{"line":37,"column":67}},"6":{"start":{"line":38,"column":8},"end":{"line":38,"column":67}},"7":{"start":{"line":39,"column":8},"end":{"line":39,"column":34}},"8":{"start":{"line":41,"column":8},"end":{"line":41,"column":22}},"9":{"start":{"line":45,"column":8},"end":{"line":45,"column":73}},"10":{"start":{"line":46,"column":8},"end":{"line":46,"column":34}},"11":{"start":{"line":47,"column":8},"end":{"line":47,"column":50}},"12":{"start":{"line":49,"column":8},"end":{"line":49,"column":22}},"13":{"start":{"line":53,"column":8},"end":{"line":53,"column":30}},"14":{"start":{"line":57,"column":8},"end":{"line":57,"column":71}},"15":{"start":{"line":58,"column":8},"end":{"line":58,"column":2067}},"16":{"start":{"line":59,"column":12},"end":{"line":59,"column":69}},"17":{"start":{"line":61,"column":8},"end":{"line":61,"column":45}},"18":{"start":{"line":66,"column":8},"end":{"line":66,"column":45}},"19":{"start":{"line":67,"column":8},"end":{"line":67,"column":83}}},"branchMap":{"1":{"line":58,"type":"if","locations":[{"start":{"line":58,"column":8},"end":{"line":58,"column":8}},{"start":{"line":58,"column":8},"end":{"line":58,"column":8}}]}}},"contracts\\investment_strategy\\investment_strategy.sol":{"l":{},"path":"C:\\Users\\Markus\\solidity_projects\\CortexHedge\\contracts\\investment_strategy\\investment_strategy.sol","s":{},"b":{},"f":{},"fnMap":{},"statementMap":{},"branchMap":{}},"contracts\\investment_strategy\\UniswapConnector.sol":{"l":{"15":6,"22":1,"23":1,"24":1,"25":1,"28":1,"30":1,"32":1,"34":1,"45":1,"46":1,"47":1},"path":"C:\\Users\\Markus\\solidity_projects\\CortexHedge\\contracts\\investment_strategy\\UniswapConnector.sol","s":{"1":6,"2":1,"3":1,"4":1,"5":1,"6":1,"7":1,"8":1,"9":1,"10":1,"11":1,"12":1},"b":{"1":[1,0]},"f":{"1":6,"2":1,"3":1},"fnMap":{"1":{"name":"constructor","line":14,"loc":{"start":{"line":14,"column":4},"end":{"line":16,"column":4}}},"2":{"name":"pairInfo","line":18,"loc":{"start":{"line":18,"column":4},"end":{"line":35,"column":4}}},"3":{"name":"computeLiquidityShareValue","line":37,"loc":{"start":{"line":37,"column":4},"end":{"line":49,"column":4}}}},"statementMap":{"1":{"start":{"line":15,"column":8},"end":{"line":15,"column":25}},"2":{"start":{"line":22,"column":8},"end":{"line":22,"column":95}},"3":{"start":{"line":23,"column":8},"end":{"line":23,"column":811}},"4":{"start":{"line":24,"column":12},"end":{"line":24,"column":53}},"5":{"start":{"line":25,"column":12},"end":{"line":25,"column":64}},"6":{"start":{"line":28,"column":8},"end":{"line":28,"column":39}},"7":{"start":{"line":30,"column":8},"end":{"line":30,"column":62}},"8":{"start":{"line":32,"column":8},"end":{"line":32,"column":53}},"9":{"start":{"line":34,"column":8},"end":{"line":34,"column":103}},"10":{"start":{"line":45,"column":8},"end":{"line":45,"column":83}},"11":{"start":{"line":46,"column":8},"end":{"line":46,"column":36}},"12":{"start":{"line":47,"column":8},"end":{"line":47,"column":36}}},"branchMap":{"1":{"line":23,"type":"if","locations":[{"start":{"line":23,"column":8},"end":{"line":23,"column":8}},{"start":{"line":23,"column":8},"end":{"line":23,"column":8}}]}}},"contracts\\mockEUR.sol":{"l":{"9":12},"path":"C:\\Users\\Markus\\solidity_projects\\CortexHedge\\contracts\\mockEUR.sol","s":{"1":12},"b":{},"f":{"1":12},"fnMap":{"1":{"name":"constructor","line":8,"loc":{"start":{"line":8,"column":4},"end":{"line":10,"column":4}}}},"statementMap":{"1":{"start":{"line":9,"column":8},"end":{"line":9,"column":39}}},"branchMap":{}},"contracts\\swap_contract\\PriceConsumerV3DAIEUR.sol":{"l":{"34":57,"37":57,"46":4,"49":4,"50":4,"54":25,"57":25,"58":25},"path":"C:\\Users\\Markus\\solidity_projects\\CortexHedge\\contracts\\swap_contract\\PriceConsumerV3DAIEUR.sol","s":{"1":57,"2":57,"3":4,"4":4,"5":4,"6":25,"7":25,"8":25},"b":{"1":[4,0],"2":[25,0]},"f":{"1":57,"2":4,"3":25,"4":3},"fnMap":{"1":{"name":"constructor","line":33,"loc":{"start":{"line":33,"column":4},"end":{"line":40,"column":4}}},"2":{"name":"getDAIPrice","line":45,"loc":{"start":{"line":45,"column":4},"end":{"line":51,"column":4}}},"3":{"name":"getEUROPrice","line":53,"loc":{"start":{"line":53,"column":4},"end":{"line":59,"column":4}}},"4":{"name":"constructor","line":63,"loc":{"start":{"line":63,"column":4},"end":{"line":63,"column":43}}}},"statementMap":{"1":{"start":{"line":34,"column":8},"end":{"line":34,"column":846}},"2":{"start":{"line":37,"column":8},"end":{"line":37,"column":966}},"3":{"start":{"line":46,"column":8},"end":{"line":46,"column":1244}},"4":{"start":{"line":49,"column":8},"end":{"line":49,"column":51}},"5":{"start":{"line":50,"column":8},"end":{"line":50,"column":20}},"6":{"start":{"line":54,"column":8},"end":{"line":54,"column":1553}},"7":{"start":{"line":57,"column":8},"end":{"line":57,"column":51}},"8":{"start":{"line":58,"column":8},"end":{"line":58,"column":20}}},"branchMap":{"1":{"line":49,"type":"if","locations":[{"start":{"line":49,"column":8},"end":{"line":49,"column":8}},{"start":{"line":49,"column":8},"end":{"line":49,"column":8}}]},"2":{"line":57,"type":"if","locations":[{"start":{"line":57,"column":8},"end":{"line":57,"column":8}},{"start":{"line":57,"column":8},"end":{"line":57,"column":8}}]}}},"contracts\\swap_contract\\SwapContract.sol":{"l":{"23":17,"24":17,"27":17,"28":17,"32":17,"34":17,"66":0,"71":0,"75":0},"path":"C:\\Users\\Markus\\solidity_projects\\CortexHedge\\contracts\\swap_contract\\SwapContract.sol","s":{"1":17,"2":17,"3":17,"4":17,"5":17,"6":17,"7":0,"8":0,"9":0},"b":{},"f":{"1":51,"2":17,"3":17,"4":17,"5":0,"6":0,"7":0},"fnMap":{"1":{"name":"constructor","line":15,"loc":{"start":{"line":15,"column":4},"end":{"line":15,"column":26}}},"2":{"name":"set_EURFIX_address","line":22,"loc":{"start":{"line":22,"column":4},"end":{"line":25,"column":4}}},"3":{"name":"set_USDFLOAT_address","line":26,"loc":{"start":{"line":26,"column":4},"end":{"line":29,"column":4}}},"4":{"name":"set_Dai_address","line":31,"loc":{"start":{"line":31,"column":4},"end":{"line":35,"column":4}}},"5":{"name":"get_current_phase","line":65,"loc":{"start":{"line":65,"column":4},"end":{"line":67,"column":4}}},"6":{"name":"_Dai_to_EUR","line":70,"loc":{"start":{"line":70,"column":4},"end":{"line":72,"column":4}}},"7":{"name":"_Dai_to_USD","line":74,"loc":{"start":{"line":74,"column":4},"end":{"line":76,"column":4}}}},"statementMap":{"1":{"start":{"line":23,"column":8},"end":{"line":23,"column":41}},"2":{"start":{"line":24,"column":8},"end":{"line":24,"column":55}},"3":{"start":{"line":27,"column":8},"end":{"line":27,"column":43}},"4":{"start":{"line":28,"column":8},"end":{"line":28,"column":60}},"5":{"start":{"line":32,"column":8},"end":{"line":32,"column":38}},"6":{"start":{"line":34,"column":8},"end":{"line":34,"column":37}},"7":{"start":{"line":66,"column":8},"end":{"line":66,"column":28}},"8":{"start":{"line":71,"column":8},"end":{"line":71,"column":78}},"9":{"start":{"line":75,"column":8},"end":{"line":75,"column":61}}},"branchMap":{}},"contracts\\swap_contract\\SwapMinter.sol":{"l":{"69":7,"70":7,"75":9,"78":9,"81":9,"83":9,"86":9,"87":9,"91":7,"92":7,"93":7,"94":7,"100":7,"105":7,"106":7,"108":7,"114":7,"118":0,"123":7},"path":"C:\\Users\\Markus\\solidity_projects\\CortexHedge\\contracts\\swap_contract\\SwapMinter.sol","s":{"1":7,"2":9,"3":9,"4":9,"5":9,"6":9,"7":9,"8":7,"9":7,"10":7,"11":7,"12":7,"13":7,"14":7,"15":7,"16":7,"17":0,"18":7},"b":{"1":[7,0],"2":[9,0],"3":[7,0]},"f":{"1":51,"2":7,"3":9,"4":7,"5":7,"6":7,"7":0,"8":7},"fnMap":{"1":{"name":"constructor","line":63,"loc":{"start":{"line":63,"column":4},"end":{"line":63,"column":50}}},"2":{"name":"isSavingsPhase","line":68,"loc":{"start":{"line":68,"column":4},"end":{"line":71,"column":4}}},"3":{"name":"start_saving","line":73,"loc":{"start":{"line":73,"column":4},"end":{"line":88,"column":4}}},"4":{"name":"invest","line":90,"loc":{"start":{"line":90,"column":4},"end":{"line":95,"column":4}}},"5":{"name":"_mint_tokens","line":97,"loc":{"start":{"line":97,"column":4},"end":{"line":109,"column":4}}},"6":{"name":"_mint_euro_stable","line":112,"loc":{"start":{"line":112,"column":4},"end":{"line":115,"column":4}}},"7":{"name":"_Dai_to_EURFIX","line":117,"loc":{"start":{"line":117,"column":4},"end":{"line":119,"column":4}}},"8":{"name":"_mint_euro_unstable","line":121,"loc":{"start":{"line":121,"column":4},"end":{"line":124,"column":4}}}},"statementMap":{"1":{"start":{"line":69,"column":8},"end":{"line":69,"column":86}},"2":{"start":{"line":75,"column":8},"end":{"line":75,"column":46}},"3":{"start":{"line":78,"column":8},"end":{"line":78,"column":52}},"4":{"start":{"line":81,"column":8},"end":{"line":81,"column":59}},"5":{"start":{"line":83,"column":8},"end":{"line":83,"column":71}},"6":{"start":{"line":86,"column":8},"end":{"line":86,"column":46}},"7":{"start":{"line":87,"column":8},"end":{"line":87,"column":43}},"8":{"start":{"line":91,"column":8},"end":{"line":91,"column":78}},"9":{"start":{"line":92,"column":8},"end":{"line":92,"column":37}},"10":{"start":{"line":93,"column":8},"end":{"line":93,"column":31}},"11":{"start":{"line":94,"column":8},"end":{"line":94,"column":75}},"12":{"start":{"line":100,"column":8},"end":{"line":100,"column":2926}},"13":{"start":{"line":105,"column":8},"end":{"line":105,"column":53}},"14":{"start":{"line":106,"column":8},"end":{"line":106,"column":55}},"15":{"start":{"line":108,"column":8},"end":{"line":108,"column":78}},"16":{"start":{"line":114,"column":8},"end":{"line":114,"column":42}},"17":{"start":{"line":118,"column":8},"end":{"line":118,"column":58}},"18":{"start":{"line":123,"column":8},"end":{"line":123,"column":44}}},"branchMap":{"1":{"line":69,"type":"if","locations":[{"start":{"line":69,"column":8},"end":{"line":69,"column":8}},{"start":{"line":69,"column":8},"end":{"line":69,"column":8}}]},"2":{"line":83,"type":"if","locations":[{"start":{"line":83,"column":8},"end":{"line":83,"column":8}},{"start":{"line":83,"column":8},"end":{"line":83,"column":8}}]},"3":{"line":92,"type":"if","locations":[{"start":{"line":92,"column":8},"end":{"line":92,"column":8}},{"start":{"line":92,"column":8},"end":{"line":92,"column":8}}]}}},"contracts\\swap_contract\\SwapRedeemer.sol":{"l":{"57":3,"59":3,"62":3,"63":3,"64":3,"67":3,"70":3,"72":3,"73":3,"74":3,"75":3,"79":1,"80":1,"84":2,"89":1,"90":1,"93":1,"97":1,"103":1,"104":1,"110":1,"111":1,"112":1,"113":1,"114":1,"121":0,"122":0,"123":0,"124":0,"125":0,"132":1,"133":1,"135":1,"144":1,"156":1,"161":0,"162":0,"163":0,"171":0,"179":0,"188":8,"189":8,"190":8,"191":8,"195":0,"196":0,"197":0,"198":0,"199":0,"208":1,"209":1,"210":1,"211":1,"212":1,"215":7,"216":7,"219":8,"228":3,"229":3,"230":3,"231":3},"path":"C:\\Users\\Markus\\solidity_projects\\CortexHedge\\contracts\\swap_contract\\SwapRedeemer.sol","s":{"1":3,"2":3,"3":3,"4":3,"5":3,"6":3,"7":3,"8":3,"9":3,"10":3,"11":3,"12":1,"13":2,"14":1,"15":1,"16":1,"17":1,"18":1,"19":1,"20":1,"21":1,"22":1,"23":1,"24":1,"25":0,"26":0,"27":0,"28":0,"29":0,"30":1,"31":1,"32":1,"33":1,"34":1,"35":0,"36":0,"37":0,"38":0,"39":0,"40":8,"41":8,"42":8,"43":8,"44":0,"45":0,"46":0,"47":0,"48":0,"49":8,"50":1,"51":1,"52":1,"53":1,"54":1,"55":7,"56":7,"57":8,"58":3,"59":3,"60":3,"61":3},"b":{"1":[1,0],"2":[1,1],"3":[0,8],"4":[1,7]},"f":{"1":3,"2":1,"3":2,"4":1,"5":0,"6":1,"7":1,"8":1,"9":0,"10":0,"11":0,"12":8,"13":3},"fnMap":{"1":{"name":"start_redeeming","line":55,"loc":{"start":{"line":55,"column":4},"end":{"line":76,"column":4}}},"2":{"name":"isRedeemingsPhase","line":78,"loc":{"start":{"line":78,"column":4},"end":{"line":81,"column":4}}},"3":{"name":"redeem","line":83,"loc":{"start":{"line":83,"column":4},"end":{"line":105,"column":4}}},"4":{"name":"redeem_EURFIX","line":108,"loc":{"start":{"line":108,"column":4},"end":{"line":117,"column":4}}},"5":{"name":"redeem_USDFLOAT","line":119,"loc":{"start":{"line":119,"column":4},"end":{"line":128,"column":4}}},"6":{"name":"EURFIX_to_Dai","line":131,"loc":{"start":{"line":131,"column":4},"end":{"line":136,"column":4}}},"7":{"name":"_EURFIX_interest","line":139,"loc":{"start":{"line":139,"column":4},"end":{"line":149,"column":4}}},"8":{"name":"_EURFIX_to_dollar","line":151,"loc":{"start":{"line":151,"column":4},"end":{"line":157,"column":4}}},"9":{"name":"USDFLOAT_to_Dai","line":160,"loc":{"start":{"line":160,"column":4},"end":{"line":164,"column":4}}},"10":{"name":"_USDFLOAT_interest","line":166,"loc":{"start":{"line":166,"column":4},"end":{"line":172,"column":4}}},"11":{"name":"_USDFLOAT_to_dollar","line":174,"loc":{"start":{"line":174,"column":4},"end":{"line":180,"column":4}}},"12":{"name":"calculate_EURFIX_payout","line":183,"loc":{"start":{"line":183,"column":4},"end":{"line":220,"column":4}}},"13":{"name":"calculate_USDFLOAT_payout","line":223,"loc":{"start":{"line":223,"column":4},"end":{"line":233,"column":4}}}},"statementMap":{"1":{"start":{"line":57,"column":8},"end":{"line":57,"column":48}},"2":{"start":{"line":59,"column":8},"end":{"line":59,"column":50}},"3":{"start":{"line":62,"column":8},"end":{"line":62,"column":62}},"4":{"start":{"line":63,"column":8},"end":{"line":63,"column":71}},"5":{"start":{"line":64,"column":8},"end":{"line":64,"column":70}},"6":{"start":{"line":67,"column":8},"end":{"line":67,"column":1928}},"7":{"start":{"line":70,"column":8},"end":{"line":70,"column":65}},"8":{"start":{"line":72,"column":8},"end":{"line":72,"column":76}},"9":{"start":{"line":73,"column":8},"end":{"line":73,"column":71}},"10":{"start":{"line":74,"column":8},"end":{"line":74,"column":75}},"11":{"start":{"line":75,"column":8},"end":{"line":75,"column":73}},"12":{"start":{"line":79,"column":8},"end":{"line":79,"column":88}},"13":{"start":{"line":84,"column":8},"end":{"line":84,"column":2715}},"14":{"start":{"line":89,"column":8},"end":{"line":89,"column":49}},"15":{"start":{"line":90,"column":8},"end":{"line":90,"column":53}},"16":{"start":{"line":93,"column":8},"end":{"line":93,"column":3122}},"17":{"start":{"line":97,"column":8},"end":{"line":97,"column":3269}},"18":{"start":{"line":103,"column":8},"end":{"line":103,"column":79}},"19":{"start":{"line":104,"column":8},"end":{"line":104,"column":45}},"20":{"start":{"line":110,"column":8},"end":{"line":110,"column":90}},"21":{"start":{"line":111,"column":8},"end":{"line":111,"column":49}},"22":{"start":{"line":112,"column":8},"end":{"line":112,"column":50}},"23":{"start":{"line":113,"column":8},"end":{"line":113,"column":74}},"24":{"start":{"line":114,"column":8},"end":{"line":114,"column":4051}},"25":{"start":{"line":121,"column":8},"end":{"line":121,"column":91}},"26":{"start":{"line":122,"column":8},"end":{"line":122,"column":53}},"27":{"start":{"line":123,"column":8},"end":{"line":123,"column":50}},"28":{"start":{"line":124,"column":8},"end":{"line":124,"column":76}},"29":{"start":{"line":125,"column":8},"end":{"line":125,"column":4614}},"30":{"start":{"line":132,"column":8},"end":{"line":132,"column":57}},"31":{"start":{"line":133,"column":8},"end":{"line":133,"column":4969}},"32":{"start":{"line":135,"column":8},"end":{"line":135,"column":48}},"33":{"start":{"line":144,"column":8},"end":{"line":144,"column":5304}},"34":{"start":{"line":156,"column":8},"end":{"line":156,"column":68}},"35":{"start":{"line":161,"column":8},"end":{"line":161,"column":59}},"36":{"start":{"line":162,"column":8},"end":{"line":162,"column":82}},"37":{"start":{"line":163,"column":8},"end":{"line":163,"column":48}},"38":{"start":{"line":171,"column":8},"end":{"line":171,"column":76}},"39":{"start":{"line":179,"column":8},"end":{"line":179,"column":71}},"40":{"start":{"line":188,"column":8},"end":{"line":188,"column":49}},"41":{"start":{"line":189,"column":8},"end":{"line":189,"column":38}},"42":{"start":{"line":190,"column":8},"end":{"line":190,"column":58}},"43":{"start":{"line":191,"column":8},"end":{"line":191,"column":6823}},"44":{"start":{"line":195,"column":12},"end":{"line":195,"column":41}},"45":{"start":{"line":196,"column":12},"end":{"line":196,"column":125}},"46":{"start":{"line":197,"column":12},"end":{"line":197,"column":81}},"47":{"start":{"line":198,"column":12},"end":{"line":198,"column":82}},"48":{"start":{"line":199,"column":12},"end":{"line":199,"column":69}},"49":{"start":{"line":202,"column":13},"end":{"line":202,"column":7545}},"50":{"start":{"line":208,"column":12},"end":{"line":208,"column":43}},"51":{"start":{"line":209,"column":12},"end":{"line":209,"column":129}},"52":{"start":{"line":210,"column":12},"end":{"line":210,"column":89}},"53":{"start":{"line":211,"column":12},"end":{"line":211,"column":120}},"54":{"start":{"line":212,"column":12},"end":{"line":212,"column":104}},"55":{"start":{"line":215,"column":12},"end":{"line":215,"column":48}},"56":{"start":{"line":216,"column":12},"end":{"line":216,"column":54}},"57":{"start":{"line":219,"column":8},"end":{"line":219,"column":37}},"58":{"start":{"line":228,"column":8},"end":{"line":228,"column":51}},"59":{"start":{"line":229,"column":8},"end":{"line":229,"column":49}},"60":{"start":{"line":230,"column":8},"end":{"line":230,"column":90}},"61":{"start":{"line":231,"column":8},"end":{"line":231,"column":9061}}},"branchMap":{"1":{"line":79,"type":"if","locations":[{"start":{"line":79,"column":8},"end":{"line":79,"column":8}},{"start":{"line":79,"column":8},"end":{"line":79,"column":8}}]},"2":{"line":84,"type":"if","locations":[{"start":{"line":84,"column":8},"end":{"line":84,"column":8}},{"start":{"line":84,"column":8},"end":{"line":84,"column":8}}]},"3":{"line":191,"type":"if","locations":[{"start":{"line":191,"column":8},"end":{"line":191,"column":8}},{"start":{"line":191,"column":8},"end":{"line":191,"column":8}}]},"4":{"line":202,"type":"if","locations":[{"start":{"line":202,"column":13},"end":{"line":202,"column":13}},{"start":{"line":202,"column":13},"end":{"line":202,"column":13}}]}}},"contracts\\tokens\\EURFIX.sol":{"l":{"11":54},"path":"C:\\Users\\Markus\\solidity_projects\\CortexHedge\\contracts\\tokens\\EURFIX.sol","s":{"1":54},"b":{},"f":{"1":54},"fnMap":{"1":{"name":"constructor","line":9,"loc":{"start":{"line":7,"column":4},"end":{"line":12,"column":4}}}},"statementMap":{"1":{"start":{"line":11,"column":8},"end":{"line":11,"column":46}}},"branchMap":{}},"contracts\\tokens\\mockDAI.sol":{"l":{"9":63},"path":"C:\\Users\\Markus\\solidity_projects\\CortexHedge\\contracts\\tokens\\mockDAI.sol","s":{"1":63},"b":{},"f":{"1":63},"fnMap":{"1":{"name":"constructor","line":8,"loc":{"start":{"line":8,"column":4},"end":{"line":10,"column":4}}}},"statementMap":{"1":{"start":{"line":9,"column":8},"end":{"line":9,"column":39}}},"branchMap":{}},"contracts\\tokens\\Token.sol":{"l":{"31":6,"32":6,"45":2,"48":2,"49":2,"59":3},"path":"C:\\Users\\Markus\\solidity_projects\\CortexHedge\\contracts\\tokens\\Token.sol","s":{"1":6,"2":6,"3":2,"4":2,"5":2,"6":3},"b":{"1":[2,0]},"f":{"1":6,"2":2,"3":3},"fnMap":{"1":{"name":"constructor","line":28,"loc":{"start":{"line":28,"column":4},"end":{"line":33,"column":4}}},"2":{"name":"transfer","line":41,"loc":{"start":{"line":41,"column":4},"end":{"line":50,"column":4}}},"3":{"name":"balanceOf","line":58,"loc":{"start":{"line":58,"column":4},"end":{"line":60,"column":4}}}},"statementMap":{"1":{"start":{"line":31,"column":8},"end":{"line":31,"column":41}},"2":{"start":{"line":32,"column":8},"end":{"line":32,"column":25}},"3":{"start":{"line":45,"column":8},"end":{"line":45,"column":67}},"4":{"start":{"line":48,"column":8},"end":{"line":48,"column":37}},"5":{"start":{"line":49,"column":8},"end":{"line":49,"column":29}},"6":{"start":{"line":59,"column":8},"end":{"line":59,"column":32}}},"branchMap":{"1":{"line":45,"type":"if","locations":[{"start":{"line":45,"column":8},"end":{"line":45,"column":8}},{"start":{"line":45,"column":8},"end":{"line":45,"column":8}}]}}},"contracts\\tokens\\USDFLOAT.sol":{"l":{"11":51},"path":"C:\\Users\\Markus\\solidity_projects\\CortexHedge\\contracts\\tokens\\USDFLOAT.sol","s":{"1":51},"b":{},"f":{"1":51},"fnMap":{"1":{"name":"constructor","line":9,"loc":{"start":{"line":7,"column":4},"end":{"line":12,"column":4}}}},"statementMap":{"1":{"start":{"line":11,"column":8},"end":{"line":11,"column":46}}},"branchMap":{}}}